<?xml version="1.0" encoding="UTF-8" standalone="yes"?><!DOCTYPE report PUBLIC "-//JACOCO//DTD Report 1.1//EN" "report.dtd"><report name="TemperatureSeries"><sessioninfo id="DESKTOP-TU088O3-ee8d2e30" start="1571379917211" dump="1571379917696"/><sessioninfo id="DESKTOP-TU088O3-ba078590" start="1571380060975" dump="1571380061385"/><sessioninfo id="DESKTOP-TU088O3-7f17f637" start="1571394223569" dump="1571394224313"/><sessioninfo id="DESKTOP-TU088O3-8063ef27" start="1571394357974" dump="1571394358974"/><sessioninfo id="DESKTOP-TU088O3-e1b9ed0" start="1571401752697" dump="1571401753314"/><sessioninfo id="DESKTOP-TU088O3-2b8e6426" start="1571401971135" dump="1571401971636"/><sessioninfo id="DESKTOP-TU088O3-bf6c0ea7" start="1571401994117" dump="1571401994946"/><sessioninfo id="DESKTOP-TU088O3-23f8b987" start="1571402236549" dump="1571402236933"/><sessioninfo id="DESKTOP-TU088O3-90d24f5" start="1571402255089" dump="1571402255572"/><sessioninfo id="DESKTOP-TU088O3-5fd0ae5c" start="1571403045775" dump="1571403046319"/><sessioninfo id="DESKTOP-TU088O3-2f915913" start="1571403071374" dump="1571403071863"/><sessioninfo id="DESKTOP-TU088O3-49aaff44" start="1571407017660" dump="1571407018206"/><sessioninfo id="DESKTOP-TU088O3-926b330" start="1571407032920" dump="1571407033292"/><sessioninfo id="DESKTOP-TU088O3-bdf8b862" start="1571407064679" dump="1571407065187"/><sessioninfo id="DESKTOP-TU088O3-85178eab" start="1571407609675" dump="1571407610319"/><sessioninfo id="DESKTOP-TU088O3-c9718cfd" start="1571407759049" dump="1571407759583"/><sessioninfo id="DESKTOP-TU088O3-28e5a7d2" start="1571407869953" dump="1571407870486"/><sessioninfo id="DESKTOP-TU088O3-e0a975dd" start="1571408130117" dump="1571408130627"/><sessioninfo id="DESKTOP-TU088O3-61926e4" start="1571417664105" dump="1571417664967"/><sessioninfo id="DESKTOP-TU088O3-1244a4e0" start="1571417835041" dump="1571417835754"/><sessioninfo id="DESKTOP-TU088O3-e1a2f859" start="1571418086619" dump="1571418087246"/><sessioninfo id="DESKTOP-TU088O3-d8ad9474" start="1571418236629" dump="1571418237130"/><sessioninfo id="DESKTOP-TU088O3-9ca7c48" start="1571418294443" dump="1571418295255"/><sessioninfo id="DESKTOP-TU088O3-de4c672c" start="1571418384983" dump="1571418385716"/><sessioninfo id="DESKTOP-TU088O3-94ac3e8e" start="1571418518277" dump="1571418519152"/><sessioninfo id="DESKTOP-TU088O3-a684e400" start="1571418643438" dump="1571418644132"/><sessioninfo id="DESKTOP-TU088O3-c3a7c93d" start="1571418732936" dump="1571418733331"/><sessioninfo id="DESKTOP-TU088O3-94884019" start="1571418821654" dump="1571418822085"/><sessioninfo id="DESKTOP-TU088O3-fe64fe20" start="1571418835650" dump="1571418836252"/><sessioninfo id="DESKTOP-TU088O3-92418fe6" start="1571419032313" dump="1571419032737"/><sessioninfo id="DESKTOP-TU088O3-96339701" start="1571419098157" dump="1571419098590"/><sessioninfo id="DESKTOP-TU088O3-3a0bf0dc" start="1571419131898" dump="1571419132222"/><sessioninfo id="DESKTOP-TU088O3-c55fa0df" start="1571419203800" dump="1571419204199"/><sessioninfo id="DESKTOP-TU088O3-8b687620" start="1571419339479" dump="1571419339867"/><sessioninfo id="DESKTOP-TU088O3-cd6c5ca7" start="1571419425800" dump="1571419426127"/><sessioninfo id="DESKTOP-TU088O3-6637ee3f" start="1571419451171" dump="1571419451524"/><sessioninfo id="DESKTOP-TU088O3-f352d852" start="1571419459009" dump="1571419459331"/><sessioninfo id="DESKTOP-TU088O3-afcf2a1f" start="1571419873233" dump="1571419873560"/><sessioninfo id="DESKTOP-TU088O3-a02031fe" start="1571420246028" dump="1571420246352"/><sessioninfo id="DESKTOP-TU088O3-4cfa769a" start="1571420488130" dump="1571420488445"/><sessioninfo id="DESKTOP-TU088O3-b9f308ac" start="1571420549042" dump="1571420549451"/><sessioninfo id="DESKTOP-TU088O3-59378973" start="1571420598060" dump="1571420598426"/><sessioninfo id="DESKTOP-TU088O3-a619cf0a" start="1571420657579" dump="1571420657904"/><sessioninfo id="DESKTOP-TU088O3-7ac3172a" start="1571420918941" dump="1571420919322"/><sessioninfo id="DESKTOP-TU088O3-47870997" start="1571420950573" dump="1571420950887"/><sessioninfo id="DESKTOP-TU088O3-ddd06096" start="1571421225121" dump="1571421225497"/><sessioninfo id="DESKTOP-TU088O3-ea20b6fa" start="1571421614021" dump="1571421614438"/><sessioninfo id="DESKTOP-TU088O3-485b99b" start="1571421643828" dump="1571421644202"/><package name="ua/edu/ucu/tempseries"><class name="ua/edu/ucu/tempseries/TempSummaryStatistics" sourcefilename="TempSummaryStatistics.java"><method name="&lt;init&gt;" desc="(DDDD)V" line="11"><counter type="INSTRUCTION" missed="0" covered="15"/><counter type="LINE" missed="0" covered="6"/><counter type="COMPLEXITY" missed="0" covered="1"/><counter type="METHOD" missed="0" covered="1"/></method><method name="getAvgTemp" desc="()D" line="20"><counter type="INSTRUCTION" missed="0" covered="3"/><counter type="LINE" missed="0" covered="1"/><counter type="COMPLEXITY" missed="0" covered="1"/><counter type="METHOD" missed="0" covered="1"/></method><method name="getMinTemp" desc="()D" line="24"><counter type="INSTRUCTION" missed="3" covered="0"/><counter type="LINE" missed="1" covered="0"/><counter type="COMPLEXITY" missed="1" covered="0"/><counter type="METHOD" missed="1" covered="0"/></method><method name="getDevTemp" desc="()D" line="28"><counter type="INSTRUCTION" missed="3" covered="0"/><counter type="LINE" missed="1" covered="0"/><counter type="COMPLEXITY" missed="1" covered="0"/><counter type="METHOD" missed="1" covered="0"/></method><method name="getMaxTemp" desc="()D" line="32"><counter type="INSTRUCTION" missed="3" covered="0"/><counter type="LINE" missed="1" covered="0"/><counter type="COMPLEXITY" missed="1" covered="0"/><counter type="METHOD" missed="1" covered="0"/></method><counter type="INSTRUCTION" missed="9" covered="18"/><counter type="LINE" missed="3" covered="7"/><counter type="COMPLEXITY" missed="3" covered="2"/><counter type="METHOD" missed="3" covered="2"/><counter type="CLASS" missed="0" covered="1"/></class><class name="ua/edu/ucu/tempseries/TemperatureSeriesAnalysis" sourcefilename="TemperatureSeriesAnalysis.java"><method name="&lt;init&gt;" desc="([D)V" line="10"><counter type="INSTRUCTION" missed="0" covered="6"/><counter type="LINE" missed="0" covered="3"/><counter type="COMPLEXITY" missed="0" covered="1"/><counter type="METHOD" missed="0" covered="1"/></method><method name="TemperatureSeriesAnalysis" desc="([D)V" line="15"><counter type="INSTRUCTION" missed="19" covered="0"/><counter type="BRANCH" missed="4" covered="0"/><counter type="LINE" missed="4" covered="0"/><counter type="COMPLEXITY" missed="3" covered="0"/><counter type="METHOD" missed="1" covered="0"/></method><method name="checkArray" desc="()V" line="23"><counter type="INSTRUCTION" missed="0" covered="10"/><counter type="BRANCH" missed="0" covered="2"/><counter type="LINE" missed="0" covered="3"/><counter type="COMPLEXITY" missed="0" covered="2"/><counter type="METHOD" missed="0" covered="1"/></method><method name="average" desc="()D" line="29"><counter type="INSTRUCTION" missed="0" covered="28"/><counter type="BRANCH" missed="0" covered="2"/><counter type="LINE" missed="0" covered="7"/><counter type="COMPLEXITY" missed="0" covered="2"/><counter type="METHOD" missed="0" covered="1"/></method><method name="deviation" desc="()D" line="40"><counter type="INSTRUCTION" missed="0" covered="35"/><counter type="BRANCH" missed="0" covered="2"/><counter type="LINE" missed="0" covered="6"/><counter type="COMPLEXITY" missed="0" covered="2"/><counter type="METHOD" missed="0" covered="1"/></method><method name="min" desc="()D" line="50"><counter type="INSTRUCTION" missed="0" covered="30"/><counter type="BRANCH" missed="0" covered="4"/><counter type="LINE" missed="0" covered="6"/><counter type="COMPLEXITY" missed="0" covered="3"/><counter type="METHOD" missed="0" covered="1"/></method><method name="max" desc="()D" line="61"><counter type="INSTRUCTION" missed="0" covered="30"/><counter type="BRANCH" missed="0" covered="4"/><counter type="LINE" missed="0" covered="6"/><counter type="COMPLEXITY" missed="0" covered="3"/><counter type="METHOD" missed="0" covered="1"/></method><method name="findTempClosestToZero" desc="()D" line="72"><counter type="INSTRUCTION" missed="0" covered="38"/><counter type="BRANCH" missed="0" covered="4"/><counter type="LINE" missed="0" covered="7"/><counter type="COMPLEXITY" missed="0" covered="3"/><counter type="METHOD" missed="0" covered="1"/></method><method name="findTempClosestToValue" desc="(D)D" line="84"><counter type="INSTRUCTION" missed="0" covered="41"/><counter type="BRANCH" missed="0" covered="4"/><counter type="LINE" missed="0" covered="7"/><counter type="COMPLEXITY" missed="0" covered="3"/><counter type="METHOD" missed="0" covered="1"/></method><method name="findTempsLessThen" desc="(D)[D" line="96"><counter type="INSTRUCTION" missed="0" covered="55"/><counter type="BRANCH" missed="1" covered="9"/><counter type="LINE" missed="0" covered="12"/><counter type="COMPLEXITY" missed="1" covered="5"/><counter type="METHOD" missed="0" covered="1"/></method><method name="findTempsGreaterThen" desc="(D)[D" line="117"><counter type="INSTRUCTION" missed="0" covered="55"/><counter type="BRANCH" missed="1" covered="9"/><counter type="LINE" missed="0" covered="12"/><counter type="COMPLEXITY" missed="1" covered="5"/><counter type="METHOD" missed="0" covered="1"/></method><method name="summaryStatistics" desc="()Lua/edu/ucu/tempseries/TempSummaryStatistics;" line="136"><counter type="INSTRUCTION" missed="0" covered="12"/><counter type="LINE" missed="0" covered="2"/><counter type="COMPLEXITY" missed="0" covered="1"/><counter type="METHOD" missed="0" covered="1"/></method><method name="addTemps" desc="([D)I" line="141"><counter type="INSTRUCTION" missed="0" covered="59"/><counter type="BRANCH" missed="0" covered="4"/><counter type="LINE" missed="0" covered="12"/><counter type="COMPLEXITY" missed="0" covered="3"/><counter type="METHOD" missed="0" covered="1"/></method><counter type="INSTRUCTION" missed="19" covered="399"/><counter type="BRANCH" missed="6" covered="44"/><counter type="LINE" missed="4" covered="83"/><counter type="COMPLEXITY" missed="5" covered="33"/><counter type="METHOD" missed="1" covered="12"/><counter type="CLASS" missed="0" covered="1"/></class><sourcefile name="TemperatureSeriesAnalysis.java"><line nr="10" mi="0" ci="2" mb="0" cb="0"/><line nr="11" mi="0" ci="3" mb="0" cb="0"/><line nr="12" mi="0" ci="1" mb="0" cb="0"/><line nr="15" mi="8" ci="0" mb="2" cb="0"/><line nr="16" mi="6" ci="0" mb="2" cb="0"/><line nr="17" mi="4" ci="0" mb="0" cb="0"/><line nr="20" mi="1" ci="0" mb="0" cb="0"/><line nr="23" mi="0" ci="5" mb="0" cb="2"/><line nr="24" mi="0" ci="4" mb="0" cb="0"/><line nr="26" mi="0" ci="1" mb="0" cb="0"/><line nr="29" mi="0" ci="2" mb="0" cb="0"/><line nr="30" mi="0" ci="2" mb="0" cb="0"/><line nr="31" mi="0" ci="2" mb="0" cb="0"/><line nr="32" mi="0" ci="9" mb="0" cb="2"/><line nr="33" mi="0" ci="7" mb="0" cb="0"/><line nr="34" mi="0" ci="1" mb="0" cb="0"/><line nr="36" mi="0" ci="5" mb="0" cb="0"/><line nr="40" mi="0" ci="2" mb="0" cb="0"/><line nr="41" mi="0" ci="3" mb="0" cb="0"/><line nr="42" mi="0" ci="2" mb="0" cb="0"/><line nr="43" mi="0" ci="9" mb="0" cb="2"/><line nr="44" mi="0" ci="11" mb="0" cb="0"/><line nr="46" mi="0" ci="8" mb="0" cb="0"/><line nr="50" mi="0" ci="2" mb="0" cb="0"/><line nr="51" mi="0" ci="5" mb="0" cb="0"/><line nr="52" mi="0" ci="9" mb="0" cb="2"/><line nr="53" mi="0" ci="7" mb="0" cb="2"/><line nr="54" mi="0" ci="5" mb="0" cb="0"/><line nr="57" mi="0" ci="2" mb="0" cb="0"/><line nr="61" mi="0" ci="2" mb="0" cb="0"/><line nr="62" mi="0" ci="5" mb="0" cb="0"/><line nr="63" mi="0" ci="9" mb="0" cb="2"/><line nr="64" mi="0" ci="7" mb="0" cb="2"/><line nr="65" mi="0" ci="5" mb="0" cb="0"/><line nr="68" mi="0" ci="2" mb="0" cb="0"/><line nr="72" mi="0" ci="2" mb="0" cb="0"/><line nr="73" mi="0" ci="6" mb="0" cb="0"/><line nr="74" mi="0" ci="5" mb="0" cb="0"/><line nr="75" mi="0" ci="9" mb="0" cb="2"/><line nr="76" mi="0" ci="8" mb="0" cb="2"/><line nr="77" mi="0" ci="6" mb="0" cb="0"/><line nr="80" mi="0" ci="2" mb="0" cb="0"/><line nr="84" mi="0" ci="2" mb="0" cb="0"/><line nr="85" mi="0" ci="8" mb="0" cb="0"/><line nr="86" mi="0" ci="5" mb="0" cb="0"/><line nr="87" mi="0" ci="9" mb="0" cb="2"/><line nr="88" mi="0" ci="10" mb="0" cb="2"/><line nr="89" mi="0" ci="5" mb="0" cb="0"/><line nr="92" mi="0" ci="2" mb="0" cb="0"/><line nr="96" mi="0" ci="2" mb="0" cb="0"/><line nr="97" mi="0" ci="2" mb="0" cb="0"/><line nr="99" mi="0" ci="9" mb="0" cb="2"/><line nr="100" mi="0" ci="7" mb="0" cb="2"/><line nr="101" mi="0" ci="1" mb="0" cb="0"/><line nr="105" mi="0" ci="3" mb="0" cb="0"/><line nr="106" mi="0" ci="2" mb="0" cb="0"/><line nr="107" mi="0" ci="9" mb="0" cb="2"/><line nr="108" mi="0" ci="10" mb="1" cb="3"/><line nr="109" mi="0" ci="7" mb="0" cb="0"/><line nr="110" mi="0" ci="1" mb="0" cb="0"/><line nr="113" mi="0" ci="2" mb="0" cb="0"/><line nr="117" mi="0" ci="2" mb="0" cb="0"/><line nr="118" mi="0" ci="2" mb="0" cb="0"/><line nr="119" mi="0" ci="9" mb="0" cb="2"/><line nr="120" mi="0" ci="7" mb="0" cb="2"/><line nr="121" mi="0" ci="1" mb="0" cb="0"/><line nr="124" mi="0" ci="3" mb="0" cb="0"/><line nr="125" mi="0" ci="2" mb="0" cb="0"/><line nr="126" mi="0" ci="9" mb="0" cb="2"/><line nr="127" mi="0" ci="10" mb="1" cb="3"/><line nr="128" mi="0" ci="7" mb="0" cb="0"/><line nr="129" mi="0" ci="1" mb="0" cb="0"/><line nr="132" mi="0" ci="2" mb="0" cb="0"/><line nr="136" mi="0" ci="8" mb="0" cb="0"/><line nr="137" mi="0" ci="4" mb="0" cb="0"/><line nr="141" mi="0" ci="2" mb="0" cb="0"/><line nr="142" mi="0" ci="10" mb="0" cb="0"/><line nr="143" mi="0" ci="2" mb="0" cb="0"/><line nr="145" mi="0" ci="10" mb="0" cb="2"/><line nr="146" mi="0" ci="6" mb="0" cb="0"/><line nr="147" mi="0" ci="1" mb="0" cb="0"/><line nr="149" mi="0" ci="3" mb="0" cb="0"/><line nr="150" mi="0" ci="2" mb="0" cb="0"/><line nr="151" mi="0" ci="8" mb="0" cb="2"/><line nr="152" mi="0" ci="5" mb="0" cb="0"/><line nr="153" mi="0" ci="8" mb="0" cb="0"/><line nr="155" mi="0" ci="2" mb="0" cb="0"/><counter type="INSTRUCTION" missed="19" covered="399"/><counter type="BRANCH" missed="6" covered="44"/><counter type="LINE" missed="4" covered="83"/><counter type="COMPLEXITY" missed="5" covered="33"/><counter type="METHOD" missed="1" covered="12"/><counter type="CLASS" missed="0" covered="1"/></sourcefile><sourcefile name="TempSummaryStatistics.java"><line nr="11" mi="0" ci="2" mb="0" cb="0"/><line nr="12" mi="0" ci="3" mb="0" cb="0"/><line nr="13" mi="0" ci="3" mb="0" cb="0"/><line nr="14" mi="0" ci="3" mb="0" cb="0"/><line nr="15" mi="0" ci="3" mb="0" cb="0"/><line nr="17" mi="0" ci="1" mb="0" cb="0"/><line nr="20" mi="0" ci="3" mb="0" cb="0"/><line nr="24" mi="3" ci="0" mb="0" cb="0"/><line nr="28" mi="3" ci="0" mb="0" cb="0"/><line nr="32" mi="3" ci="0" mb="0" cb="0"/><counter type="INSTRUCTION" missed="9" covered="18"/><counter type="LINE" missed="3" covered="7"/><counter type="COMPLEXITY" missed="3" covered="2"/><counter type="METHOD" missed="3" covered="2"/><counter type="CLASS" missed="0" covered="1"/></sourcefile><counter type="INSTRUCTION" missed="28" covered="417"/><counter type="BRANCH" missed="6" covered="44"/><counter type="LINE" missed="7" covered="90"/><counter type="COMPLEXITY" missed="8" covered="35"/><counter type="METHOD" missed="4" covered="14"/><counter type="CLASS" missed="0" covered="2"/></package><counter type="INSTRUCTION" missed="28" covered="417"/><counter type="BRANCH" missed="6" covered="44"/><counter type="LINE" missed="7" covered="90"/><counter type="COMPLEXITY" missed="8" covered="35"/><counter type="METHOD" missed="4" covered="14"/><counter type="CLASS" missed="0" covered="2"/></report>