<?xml version="1.0" encoding="UTF-8" ?>
<testsuite tests="19" failures="0" name="ua.edu.ucu.tempseries.TemperatureSeriesAnalysisTest" time="0.028" errors="0" skipped="0">
  <properties>
[...]
</properties>
  <testcase classname="ua.edu.ucu.tempseries.TemperatureSeriesAnalysisTest" name="testFindTempClosestToZeroWithEmptyArray" time="0.012"/>
  <testcase classname="ua.edu.ucu.tempseries.TemperatureSeriesAnalysisTest" name="testAverageWithOneElementArray" time="0"/>
  <testcase classname="ua.edu.ucu.tempseries.TemperatureSeriesAnalysisTest" name="testMinWithOneElement" time="0"/>
  <testcase classname="ua.edu.ucu.tempseries.TemperatureSeriesAnalysisTest" name="testFindTempsLessThen" time="0.002"/>
  <testcase classname="ua.edu.ucu.tempseries.TemperatureSeriesAnalysisTest" name="findTempsGreaterThen" time="0.001"/>
  <testcase classname="ua.edu.ucu.tempseries.TemperatureSeriesAnalysisTest" name="testMax" time="0.001"/>
  <testcase classname="ua.edu.ucu.tempseries.TemperatureSeriesAnalysisTest" name="testMin" time="0"/>
  <testcase classname="ua.edu.ucu.tempseries.TemperatureSeriesAnalysisTest" name="testMinWithEmptyArray" time="0.001"/>
  <testcase classname="ua.edu.ucu.tempseries.TemperatureSeriesAnalysisTest" name="testAverage" time="0"/>
  <testcase classname="ua.edu.ucu.tempseries.TemperatureSeriesAnalysisTest" name="testAverageWithEmptyArray" time="0"/>
  <testcase classname="ua.edu.ucu.tempseries.TemperatureSeriesAnalysisTest" name="testaddTemps" time="0.004"/>
  <testcase classname="ua.edu.ucu.tempseries.TemperatureSeriesAnalysisTest" name="testsummaryStatistics" time="0.005"/>
  <testcase classname="ua.edu.ucu.tempseries.TemperatureSeriesAnalysisTest" name="testMaxWithOneElement" time="0"/>
  <testcase classname="ua.edu.ucu.tempseries.TemperatureSeriesAnalysisTest" name="testDeviationWithEmptyArray" time="0.001"/>
  <testcase classname="ua.edu.ucu.tempseries.TemperatureSeriesAnalysisTest" name="testDeviation" time="0"/>
  <testcase classname="ua.edu.ucu.tempseries.TemperatureSeriesAnalysisTest" name="testMaxWithEmptyArray" time="0.001"/>
  <testcase classname="ua.edu.ucu.tempseries.TemperatureSeriesAnalysisTest" name="testDeviationWithOneElementArray" time="0"/>
  <testcase classname="ua.edu.ucu.tempseries.TemperatureSeriesAnalysisTest" name="testFindTempClosestToZero" time="0"/>
  <testcase classname="ua.edu.ucu.tempseries.TemperatureSeriesAnalysisTest" name="testFindTempClosestToValue" time="0"/>
</testsuite>